0 info it worked if it ends with ok
1 verbose cli [ 'c:\\Program Files\\nodejs\\node.exe',
1 verbose cli   'c:\\Program Files\\nodejs\\node_modules\\npm\\bin\\npm-cli.js',
1 verbose cli   'install' ]
2 info using npm@1.4.28
3 info using node@v0.10.33
4 verbose readDependencies using package.json deps
5 verbose install where, deps [ 'c:\\sandbox\\twelvefactor\\session-mgmt-store',
5 verbose install   [ 'express', 'connect', 'connect-redis', 'connect-redis-session' ] ]
6 info preinstall node-session-store@0.0.1
7 verbose readDependencies using package.json deps
8 verbose already installed skipping express@~4.9.x c:\sandbox\twelvefactor\session-mgmt-store
9 verbose already installed skipping connect@~2.x c:\sandbox\twelvefactor\session-mgmt-store
10 verbose already installed skipping connect-redis@1.4.7 c:\sandbox\twelvefactor\session-mgmt-store
11 verbose cache add [ 'connect-redis-session@1.0.3', null ]
12 verbose cache add name=undefined spec="connect-redis-session@1.0.3" args=["connect-redis-session@1.0.3",null]
13 verbose parsed url { protocol: null,
13 verbose parsed url   slashes: null,
13 verbose parsed url   auth: null,
13 verbose parsed url   host: null,
13 verbose parsed url   port: null,
13 verbose parsed url   hostname: null,
13 verbose parsed url   hash: null,
13 verbose parsed url   search: null,
13 verbose parsed url   query: null,
13 verbose parsed url   pathname: 'connect-redis-session@1.0.3',
13 verbose parsed url   path: 'connect-redis-session@1.0.3',
13 verbose parsed url   href: 'connect-redis-session@1.0.3' }
14 verbose cache add name="connect-redis-session" spec="1.0.3" args=["connect-redis-session","1.0.3"]
15 verbose parsed url { protocol: null,
15 verbose parsed url   slashes: null,
15 verbose parsed url   auth: null,
15 verbose parsed url   host: null,
15 verbose parsed url   port: null,
15 verbose parsed url   hostname: null,
15 verbose parsed url   hash: null,
15 verbose parsed url   search: null,
15 verbose parsed url   query: null,
15 verbose parsed url   pathname: '1.0.3',
15 verbose parsed url   path: '1.0.3',
15 verbose parsed url   href: '1.0.3' }
16 verbose addNamed [ 'connect-redis-session', '1.0.3' ]
17 verbose addNamed [ '1.0.3', '1.0.3' ]
18 silly lockFile 08fa9c15-connect-redis-session-1-0-3 connect-redis-session@1.0.3
19 verbose lock connect-redis-session@1.0.3 C:\Users\Mauricio\AppData\Roaming\npm-cache\08fa9c15-connect-redis-session-1-0-3.lock
20 verbose request where is /connect-redis-session
21 verbose request registry https://registry.npmjs.org/
22 verbose request id 77a6a48e85b8620a
23 verbose url raw /connect-redis-session
24 verbose url resolving [ 'https://registry.npmjs.org/', './connect-redis-session' ]
25 verbose url resolved https://registry.npmjs.org/connect-redis-session
26 verbose request where is https://registry.npmjs.org/connect-redis-session
27 info trying registry request attempt 1 at 03:55:38
28 http GET https://registry.npmjs.org/connect-redis-session
29 http 404 https://registry.npmjs.org/connect-redis-session
30 verbose headers { date: 'Thu, 27 Nov 2014 07:55:39 GMT',
30 verbose headers   server: 'CouchDB/1.5.0 (Erlang OTP/R16B03)',
30 verbose headers   'content-type': 'application/json',
30 verbose headers   'cache-control': 'max-age=0',
30 verbose headers   'content-length': '52',
30 verbose headers   'accept-ranges': 'bytes',
30 verbose headers   via: '1.1 varnish',
30 verbose headers   age: '0',
30 verbose headers   'x-served-by': 'cache-atl6235-ATL',
30 verbose headers   'x-cache': 'MISS',
30 verbose headers   'x-cache-hits': '0',
30 verbose headers   'x-timer': 'S1417074939.409364,VS0,VE322',
30 verbose headers   'keep-alive': 'timeout=10, max=50',
30 verbose headers   connection: 'Keep-Alive' }
31 silly registry.get cb [ 404,
31 silly registry.get   { date: 'Thu, 27 Nov 2014 07:55:39 GMT',
31 silly registry.get     server: 'CouchDB/1.5.0 (Erlang OTP/R16B03)',
31 silly registry.get     'content-type': 'application/json',
31 silly registry.get     'cache-control': 'max-age=0',
31 silly registry.get     'content-length': '52',
31 silly registry.get     'accept-ranges': 'bytes',
31 silly registry.get     via: '1.1 varnish',
31 silly registry.get     age: '0',
31 silly registry.get     'x-served-by': 'cache-atl6235-ATL',
31 silly registry.get     'x-cache': 'MISS',
31 silly registry.get     'x-cache-hits': '0',
31 silly registry.get     'x-timer': 'S1417074939.409364,VS0,VE322',
31 silly registry.get     'keep-alive': 'timeout=10, max=50',
31 silly registry.get     connection: 'Keep-Alive' } ]
32 silly lockFile 08fa9c15-connect-redis-session-1-0-3 connect-redis-session@1.0.3
33 silly lockFile 08fa9c15-connect-redis-session-1-0-3 connect-redis-session@1.0.3
34 error 404 404 Not Found: connect-redis-session
34 error 404
34 error 404 'connect-redis-session' is not in the npm registry.
34 error 404 You should bug the author to publish it
34 error 404 It was specified as a dependency of 'node-session-store'
34 error 404
34 error 404 Note that you can also install from a
34 error 404 tarball, folder, or http url, or git url.
35 error System Windows_NT 6.1.7601
36 error command "c:\\Program Files\\nodejs\\node.exe" "c:\\Program Files\\nodejs\\node_modules\\npm\\bin\\npm-cli.js" "install"
37 error cwd c:\sandbox\twelvefactor\session-mgmt-store
38 error node -v v0.10.33
39 error npm -v 1.4.28
40 error code E404
41 verbose exit [ 1, true ]
